{"D:\\QuickHub\\Quickhub_frontend_service\\src\\main.jsx": {"path":"D:\\QuickHub\\Quickhub_frontend_service\\src\\main.jsx","statementMap":{"0":{"start":{"line":7,"column":0},"end":{"line":13,"column":1}}},"fnMap":{},"branchMap":{},"s":{"0":0},"f":{},"b":{}}
,"D:\\QuickHub\\Quickhub_frontend_service\\src\\app\\App.jsx": {"path":"D:\\QuickHub\\Quickhub_frontend_service\\src\\app\\App.jsx","statementMap":{"0":{"start":{"line":9,"column":2},"end":{"line":16,"column":3}}},"fnMap":{"0":{"name":"App","decl":{"start":{"line":7,"column":24},"end":{"line":7,"column":27}},"loc":{"start":{"line":7,"column":30},"end":{"line":17,"column":1}},"line":7}},"branchMap":{},"s":{"0":0},"f":{"0":0},"b":{}}
,"D:\\QuickHub\\Quickhub_frontend_service\\src\\app\\routing\\autorize.jsx": {"path":"D:\\QuickHub\\Quickhub_frontend_service\\src\\app\\routing\\autorize.jsx","statementMap":{"0":{"start":{"line":6,"column":23},"end":{"line":13,"column":1}},"1":{"start":{"line":7,"column":4},"end":{"line":12,"column":5}}},"fnMap":{"0":{"name":"(anonymous_0)","decl":{"start":{"line":6,"column":23},"end":{"line":6,"column":24}},"loc":{"start":{"line":6,"column":29},"end":{"line":13,"column":1}},"line":6}},"branchMap":{},"s":{"0":0,"1":0},"f":{"0":0},"b":{}}
,"D:\\QuickHub\\Quickhub_frontend_service\\src\\app\\routing\\index.js": {"path":"D:\\QuickHub\\Quickhub_frontend_service\\src\\app\\routing\\index.js","statementMap":{},"fnMap":{},"branchMap":{},"s":{},"f":{},"b":{}}
,"D:\\QuickHub\\Quickhub_frontend_service\\src\\entities\\autorize_form\\index.js": {"path":"D:\\QuickHub\\Quickhub_frontend_service\\src\\entities\\autorize_form\\index.js","statementMap":{},"fnMap":{},"branchMap":{},"s":{},"f":{},"b":{}}
,"D:\\QuickHub\\Quickhub_frontend_service\\src\\entities\\autorize_form\\ui\\LoginForm.jsx": {"path":"D:\\QuickHub\\Quickhub_frontend_service\\src\\entities\\autorize_form\\ui\\LoginForm.jsx","statementMap":{"0":{"start":{"line":7,"column":18},"end":{"line":62,"column":1}},"1":{"start":{"line":9,"column":29},"end":{"line":9,"column":41}},"2":{"start":{"line":10,"column":35},"end":{"line":10,"column":47}},"3":{"start":{"line":12,"column":22},"end":{"line":12,"column":46}},"4":{"start":{"line":14,"column":21},"end":{"line":24,"column":5}},"5":{"start":{"line":15,"column":8},"end":{"line":15,"column":40}},"6":{"start":{"line":16,"column":8},"end":{"line":22,"column":9}},"7":{"start":{"line":17,"column":29},"end":{"line":18,"column":69}},"8":{"start":{"line":19,"column":16},"end":{"line":19,"column":37}},"9":{"start":{"line":21,"column":12},"end":{"line":21,"column":32}},"10":{"start":{"line":27,"column":4},"end":{"line":61,"column":5}},"11":{"start":{"line":33,"column":31},"end":{"line":33,"column":55}},"12":{"start":{"line":43,"column":31},"end":{"line":43,"column":58}}},"fnMap":{"0":{"name":"(anonymous_0)","decl":{"start":{"line":7,"column":18},"end":{"line":7,"column":19}},"loc":{"start":{"line":7,"column":24},"end":{"line":62,"column":1}},"line":7},"1":{"name":"(anonymous_1)","decl":{"start":{"line":14,"column":21},"end":{"line":14,"column":22}},"loc":{"start":{"line":14,"column":33},"end":{"line":24,"column":5}},"line":14},"2":{"name":"(anonymous_2)","decl":{"start":{"line":33,"column":26},"end":{"line":33,"column":27}},"loc":{"start":{"line":33,"column":31},"end":{"line":33,"column":55}},"line":33},"3":{"name":"(anonymous_3)","decl":{"start":{"line":43,"column":26},"end":{"line":43,"column":27}},"loc":{"start":{"line":43,"column":31},"end":{"line":43,"column":58}},"line":43}},"branchMap":{},"s":{"0":0,"1":0,"2":0,"3":0,"4":0,"5":0,"6":0,"7":0,"8":0,"9":0,"10":0,"11":0,"12":0},"f":{"0":0,"1":0,"2":0,"3":0},"b":{}}
,"D:\\QuickHub\\Quickhub_frontend_service\\src\\entities\\autorize_form\\ui\\RegistrationForm.jsx": {"path":"D:\\QuickHub\\Quickhub_frontend_service\\src\\entities\\autorize_form\\ui\\RegistrationForm.jsx","statementMap":{"0":{"start":{"line":5,"column":25},"end":{"line":65,"column":1}},"1":{"start":{"line":6,"column":36},"end":{"line":6,"column":48}},"2":{"start":{"line":7,"column":43},"end":{"line":7,"column":55}},"3":{"start":{"line":10,"column":4},"end":{"line":64,"column":5}},"4":{"start":{"line":32,"column":31},"end":{"line":32,"column":58}},"5":{"start":{"line":41,"column":31},"end":{"line":41,"column":63}}},"fnMap":{"0":{"name":"(anonymous_0)","decl":{"start":{"line":5,"column":25},"end":{"line":5,"column":26}},"loc":{"start":{"line":5,"column":31},"end":{"line":65,"column":1}},"line":5},"1":{"name":"(anonymous_1)","decl":{"start":{"line":32,"column":26},"end":{"line":32,"column":27}},"loc":{"start":{"line":32,"column":31},"end":{"line":32,"column":58}},"line":32},"2":{"name":"(anonymous_2)","decl":{"start":{"line":41,"column":26},"end":{"line":41,"column":27}},"loc":{"start":{"line":41,"column":31},"end":{"line":41,"column":63}},"line":41}},"branchMap":{},"s":{"0":0,"1":0,"2":0,"3":0,"4":0,"5":0},"f":{"0":0,"1":0,"2":0},"b":{}}
,"D:\\QuickHub\\Quickhub_frontend_service\\src\\entities\\companies\\index.js": {"path":"D:\\QuickHub\\Quickhub_frontend_service\\src\\entities\\companies\\index.js","statementMap":{},"fnMap":{},"branchMap":{},"s":{},"f":{},"b":{}}
,"D:\\QuickHub\\Quickhub_frontend_service\\src\\entities\\companies\\ui\\Companies.jsx": {"path":"D:\\QuickHub\\Quickhub_frontend_service\\src\\entities\\companies\\ui\\Companies.jsx","statementMap":{"0":{"start":{"line":3,"column":18},"end":{"line":9,"column":1}},"1":{"start":{"line":4,"column":4},"end":{"line":8,"column":5}}},"fnMap":{"0":{"name":"(anonymous_0)","decl":{"start":{"line":3,"column":18},"end":{"line":3,"column":19}},"loc":{"start":{"line":3,"column":23},"end":{"line":9,"column":1}},"line":3}},"branchMap":{},"s":{"0":0,"1":0},"f":{"0":0},"b":{}}
,"D:\\QuickHub\\Quickhub_frontend_service\\src\\entities\\help\\index.js": {"path":"D:\\QuickHub\\Quickhub_frontend_service\\src\\entities\\help\\index.js","statementMap":{},"fnMap":{},"branchMap":{},"s":{},"f":{},"b":{}}
,"D:\\QuickHub\\Quickhub_frontend_service\\src\\entities\\help\\ui\\Help.jsx": {"path":"D:\\QuickHub\\Quickhub_frontend_service\\src\\entities\\help\\ui\\Help.jsx","statementMap":{"0":{"start":{"line":3,"column":13},"end":{"line":9,"column":1}},"1":{"start":{"line":4,"column":4},"end":{"line":8,"column":5}}},"fnMap":{"0":{"name":"(anonymous_0)","decl":{"start":{"line":3,"column":13},"end":{"line":3,"column":14}},"loc":{"start":{"line":3,"column":18},"end":{"line":9,"column":1}},"line":3}},"branchMap":{},"s":{"0":0,"1":0},"f":{"0":0},"b":{}}
,"D:\\QuickHub\\Quickhub_frontend_service\\src\\entities\\my_tasks\\index.js": {"path":"D:\\QuickHub\\Quickhub_frontend_service\\src\\entities\\my_tasks\\index.js","statementMap":{},"fnMap":{},"branchMap":{},"s":{},"f":{},"b":{}}
,"D:\\QuickHub\\Quickhub_frontend_service\\src\\entities\\my_tasks\\ui\\MyTasks.jsx": {"path":"D:\\QuickHub\\Quickhub_frontend_service\\src\\entities\\my_tasks\\ui\\MyTasks.jsx","statementMap":{"0":{"start":{"line":3,"column":16},"end":{"line":9,"column":1}},"1":{"start":{"line":4,"column":4},"end":{"line":8,"column":5}}},"fnMap":{"0":{"name":"(anonymous_0)","decl":{"start":{"line":3,"column":16},"end":{"line":3,"column":17}},"loc":{"start":{"line":3,"column":21},"end":{"line":9,"column":1}},"line":3}},"branchMap":{},"s":{"0":0,"1":0},"f":{"0":0},"b":{}}
,"D:\\QuickHub\\Quickhub_frontend_service\\src\\entities\\projects\\index.js": {"path":"D:\\QuickHub\\Quickhub_frontend_service\\src\\entities\\projects\\index.js","statementMap":{},"fnMap":{},"branchMap":{},"s":{},"f":{},"b":{}}
,"D:\\QuickHub\\Quickhub_frontend_service\\src\\entities\\projects\\ui\\Projects.jsx": {"path":"D:\\QuickHub\\Quickhub_frontend_service\\src\\entities\\projects\\ui\\Projects.jsx","statementMap":{"0":{"start":{"line":3,"column":17},"end":{"line":9,"column":1}},"1":{"start":{"line":4,"column":4},"end":{"line":8,"column":5}}},"fnMap":{"0":{"name":"(anonymous_0)","decl":{"start":{"line":3,"column":17},"end":{"line":3,"column":18}},"loc":{"start":{"line":3,"column":22},"end":{"line":9,"column":1}},"line":3}},"branchMap":{},"s":{"0":0,"1":0},"f":{"0":0},"b":{}}
,"D:\\QuickHub\\Quickhub_frontend_service\\src\\entities\\settings\\index.js": {"path":"D:\\QuickHub\\Quickhub_frontend_service\\src\\entities\\settings\\index.js","statementMap":{},"fnMap":{},"branchMap":{},"s":{},"f":{},"b":{}}
,"D:\\QuickHub\\Quickhub_frontend_service\\src\\entities\\settings\\ui\\Settings.jsx": {"path":"D:\\QuickHub\\Quickhub_frontend_service\\src\\entities\\settings\\ui\\Settings.jsx","statementMap":{"0":{"start":{"line":3,"column":17},"end":{"line":9,"column":1}},"1":{"start":{"line":4,"column":4},"end":{"line":8,"column":5}}},"fnMap":{"0":{"name":"(anonymous_0)","decl":{"start":{"line":3,"column":17},"end":{"line":3,"column":18}},"loc":{"start":{"line":3,"column":22},"end":{"line":9,"column":1}},"line":3}},"branchMap":{},"s":{"0":0,"1":0},"f":{"0":0},"b":{}}
,"D:\\QuickHub\\Quickhub_frontend_service\\src\\features\\autorize\\login\\index.js": {"path":"D:\\QuickHub\\Quickhub_frontend_service\\src\\features\\autorize\\login\\index.js","statementMap":{},"fnMap":{},"branchMap":{},"s":{},"f":{},"b":{}}
,"D:\\QuickHub\\Quickhub_frontend_service\\src\\features\\autorize\\login\\ui\\Login.jsx": {"path":"D:\\QuickHub\\Quickhub_frontend_service\\src\\features\\autorize\\login\\ui\\Login.jsx","statementMap":{"0":{"start":{"line":5,"column":14},"end":{"line":17,"column":1}},"1":{"start":{"line":6,"column":4},"end":{"line":16,"column":5}}},"fnMap":{"0":{"name":"(anonymous_0)","decl":{"start":{"line":5,"column":14},"end":{"line":5,"column":15}},"loc":{"start":{"line":5,"column":19},"end":{"line":17,"column":1}},"line":5}},"branchMap":{},"s":{"0":0,"1":0},"f":{"0":0},"b":{}}
,"D:\\QuickHub\\Quickhub_frontend_service\\src\\features\\autorize\\registration\\index.jsx": {"path":"D:\\QuickHub\\Quickhub_frontend_service\\src\\features\\autorize\\registration\\index.jsx","statementMap":{},"fnMap":{},"branchMap":{},"s":{},"f":{},"b":{}}
,"D:\\QuickHub\\Quickhub_frontend_service\\src\\features\\autorize\\registration\\ui\\Registration.jsx": {"path":"D:\\QuickHub\\Quickhub_frontend_service\\src\\features\\autorize\\registration\\ui\\Registration.jsx","statementMap":{"0":{"start":{"line":6,"column":21},"end":{"line":17,"column":1}},"1":{"start":{"line":7,"column":4},"end":{"line":16,"column":5}}},"fnMap":{"0":{"name":"(anonymous_0)","decl":{"start":{"line":6,"column":21},"end":{"line":6,"column":22}},"loc":{"start":{"line":6,"column":26},"end":{"line":17,"column":1}},"line":6}},"branchMap":{},"s":{"0":0,"1":0},"f":{"0":0},"b":{}}
,"D:\\QuickHub\\Quickhub_frontend_service\\src\\features\\autorize\\resetPassword\\index.js": {"path":"D:\\QuickHub\\Quickhub_frontend_service\\src\\features\\autorize\\resetPassword\\index.js","statementMap":{},"fnMap":{},"branchMap":{},"s":{},"f":{},"b":{}}
,"D:\\QuickHub\\Quickhub_frontend_service\\src\\features\\autorize\\resetPassword\\ui\\Login.jsx": {"path":"D:\\QuickHub\\Quickhub_frontend_service\\src\\features\\autorize\\resetPassword\\ui\\Login.jsx","statementMap":{"0":{"start":{"line":5,"column":14},"end":{"line":16,"column":1}},"1":{"start":{"line":6,"column":4},"end":{"line":15,"column":5}}},"fnMap":{"0":{"name":"(anonymous_0)","decl":{"start":{"line":5,"column":14},"end":{"line":5,"column":15}},"loc":{"start":{"line":5,"column":19},"end":{"line":16,"column":1}},"line":5}},"branchMap":{},"s":{"0":0,"1":0},"f":{"0":0},"b":{}}
,"D:\\QuickHub\\Quickhub_frontend_service\\src\\pages\\autorize\\index.js": {"path":"D:\\QuickHub\\Quickhub_frontend_service\\src\\pages\\autorize\\index.js","statementMap":{},"fnMap":{},"branchMap":{},"s":{},"f":{},"b":{}}
,"D:\\QuickHub\\Quickhub_frontend_service\\src\\pages\\autorize\\ui\\AutorizePage.jsx": {"path":"D:\\QuickHub\\Quickhub_frontend_service\\src\\pages\\autorize\\ui\\AutorizePage.jsx","statementMap":{"0":{"start":{"line":4,"column":21},"end":{"line":19,"column":1}},"1":{"start":{"line":5,"column":4},"end":{"line":18,"column":5}}},"fnMap":{"0":{"name":"(anonymous_0)","decl":{"start":{"line":4,"column":21},"end":{"line":4,"column":22}},"loc":{"start":{"line":4,"column":32},"end":{"line":19,"column":1}},"line":4}},"branchMap":{},"s":{"0":0,"1":0},"f":{"0":0},"b":{}}
,"D:\\QuickHub\\Quickhub_frontend_service\\src\\pages\\base\\index.js": {"path":"D:\\QuickHub\\Quickhub_frontend_service\\src\\pages\\base\\index.js","statementMap":{},"fnMap":{},"branchMap":{},"s":{},"f":{},"b":{},"_coverageSchema":"1a1c01bbd47fc00a2c39e90264f33305004495a9","hash":"6dc6a0c5d14c5a5f641e4da718f7c4a547c7acd4"}
,"D:\\QuickHub\\Quickhub_frontend_service\\src\\pages\\base\\api\\base.jsx": {"path":"D:\\QuickHub\\Quickhub_frontend_service\\src\\pages\\base\\api\\base.jsx","statementMap":{"0":{"start":{"line":9,"column":19},"end":{"line":19,"column":1}},"1":{"start":{"line":10,"column":4},"end":{"line":18,"column":5}}},"fnMap":{"0":{"name":"(anonymous_0)","decl":{"start":{"line":9,"column":19},"end":{"line":9,"column":20}},"loc":{"start":{"line":9,"column":25},"end":{"line":19,"column":1}},"line":9}},"branchMap":{},"s":{"0":0,"1":0},"f":{"0":0},"b":{}}
,"D:\\QuickHub\\Quickhub_frontend_service\\src\\pages\\base\\ui\\Base.jsx": {"path":"D:\\QuickHub\\Quickhub_frontend_service\\src\\pages\\base\\ui\\Base.jsx","statementMap":{"0":{"start":{"line":6,"column":13},"end":{"line":26,"column":1}},"1":{"start":{"line":8,"column":36},"end":{"line":8,"column":51}},"2":{"start":{"line":10,"column":17},"end":{"line":12,"column":5}},"3":{"start":{"line":11,"column":8},"end":{"line":11,"column":30}},"4":{"start":{"line":14,"column":4},"end":{"line":25,"column":5}}},"fnMap":{"0":{"name":"(anonymous_0)","decl":{"start":{"line":6,"column":13},"end":{"line":6,"column":14}},"loc":{"start":{"line":6,"column":24},"end":{"line":26,"column":1}},"line":6},"1":{"name":"(anonymous_1)","decl":{"start":{"line":10,"column":17},"end":{"line":10,"column":18}},"loc":{"start":{"line":10,"column":21},"end":{"line":12,"column":5}},"line":10}},"branchMap":{"0":{"loc":{"start":{"line":16,"column":44},"end":{"line":16,"column":90}},"type":"cond-expr","locations":[{"start":{"line":16,"column":64},"end":{"line":16,"column":75}},{"start":{"line":16,"column":78},"end":{"line":16,"column":90}}],"line":16}},"s":{"0":1,"1":4,"2":4,"3":2,"4":4},"f":{"0":4,"1":2},"b":{"0":[1,3]},"_coverageSchema":"1a1c01bbd47fc00a2c39e90264f33305004495a9","hash":"3317d6ad6c4765584cf23b4deba5b568b574e69c"}
,"D:\\QuickHub\\Quickhub_frontend_service\\src\\shared\\http\\axios.js": {"path":"D:\\QuickHub\\Quickhub_frontend_service\\src\\shared\\http\\axios.js","statementMap":{"0":{"start":{"line":9,"column":16},"end":{"line":9,"column":40}},"1":{"start":{"line":11,"column":12},"end":{"line":19,"column":2}},"2":{"start":{"line":24,"column":0},"end":{"line":29,"column":2}},"3":{"start":{"line":25,"column":4},"end":{"line":25,"column":77}},"4":{"start":{"line":26,"column":4},"end":{"line":26,"column":18}},"5":{"start":{"line":28,"column":8},"end":{"line":28,"column":36}}},"fnMap":{"0":{"name":"(anonymous_0)","decl":{"start":{"line":24,"column":29},"end":{"line":24,"column":30}},"loc":{"start":{"line":24,"column":41},"end":{"line":27,"column":5}},"line":24},"1":{"name":"(anonymous_1)","decl":{"start":{"line":27,"column":7},"end":{"line":27,"column":8}},"loc":{"start":{"line":27,"column":18},"end":{"line":29,"column":1}},"line":27}},"branchMap":{},"s":{"0":0,"1":0,"2":0,"3":0,"4":0,"5":0},"f":{"0":0,"1":0},"b":{}}
,"D:\\QuickHub\\Quickhub_frontend_service\\src\\shared\\model\\store.js": {"path":"D:\\QuickHub\\Quickhub_frontend_service\\src\\shared\\model\\store.js","statementMap":{"0":{"start":{"line":4,"column":11},"end":{"line":4,"column":13}},"1":{"start":{"line":5,"column":13},"end":{"line":5,"column":18}},"2":{"start":{"line":8,"column":8},"end":{"line":8,"column":32}}},"fnMap":{"0":{"name":"(anonymous_0)","decl":{"start":{"line":7,"column":4},"end":{"line":7,"column":5}},"loc":{"start":{"line":7,"column":17},"end":{"line":9,"column":5}},"line":7}},"branchMap":{},"s":{"0":0,"1":0,"2":0},"f":{"0":0},"b":{}}
,"D:\\QuickHub\\Quickhub_frontend_service\\src\\shared\\ui\\components\\autorize\\PasswordChecklist.jsx": {"path":"D:\\QuickHub\\Quickhub_frontend_service\\src\\shared\\ui\\components\\autorize\\PasswordChecklist.jsx","statementMap":{"0":{"start":{"line":3,"column":18},"end":{"line":22,"column":1}},"1":{"start":{"line":4,"column":4},"end":{"line":21,"column":5}}},"fnMap":{"0":{"name":"(anonymous_0)","decl":{"start":{"line":3,"column":18},"end":{"line":3,"column":19}},"loc":{"start":{"line":3,"column":48},"end":{"line":22,"column":1}},"line":3}},"branchMap":{},"s":{"0":0,"1":0},"f":{"0":0},"b":{}}
,"D:\\QuickHub\\Quickhub_frontend_service\\src\\shared\\ui\\icons\\header\\index.js": {"path":"D:\\QuickHub\\Quickhub_frontend_service\\src\\shared\\ui\\icons\\header\\index.js","statementMap":{},"fnMap":{},"branchMap":{},"s":{},"f":{},"b":{}}
,"D:\\QuickHub\\Quickhub_frontend_service\\src\\widgets\\header\\Header.jsx": {"path":"D:\\QuickHub\\Quickhub_frontend_service\\src\\widgets\\header\\Header.jsx","statementMap":{"0":{"start":{"line":10,"column":15},"end":{"line":68,"column":1}},"1":{"start":{"line":12,"column":4},"end":{"line":67,"column":5}}},"fnMap":{"0":{"name":"(anonymous_0)","decl":{"start":{"line":10,"column":15},"end":{"line":10,"column":16}},"loc":{"start":{"line":10,"column":34},"end":{"line":68,"column":1}},"line":10}},"branchMap":{},"s":{"0":2,"1":5},"f":{"0":5},"b":{},"_coverageSchema":"1a1c01bbd47fc00a2c39e90264f33305004495a9","hash":"de7bf2f3ca274f8828342cc5b6f57d1a9e29da16"}
,"D:\\QuickHub\\Quickhub_frontend_service\\src\\widgets\\header\\index.js": {"path":"D:\\QuickHub\\Quickhub_frontend_service\\src\\widgets\\header\\index.js","statementMap":{},"fnMap":{},"branchMap":{},"s":{},"f":{},"b":{},"_coverageSchema":"1a1c01bbd47fc00a2c39e90264f33305004495a9","hash":"964eb91d6a4cc32bd580fba1af8199316f039e74"}
,"D:\\QuickHub\\Quickhub_frontend_service\\src\\widgets\\menu\\Menu.jsx": {"path":"D:\\QuickHub\\Quickhub_frontend_service\\src\\widgets\\menu\\Menu.jsx","statementMap":{"0":{"start":{"line":9,"column":13},"end":{"line":43,"column":1}},"1":{"start":{"line":12,"column":4},"end":{"line":42,"column":5}}},"fnMap":{"0":{"name":"(anonymous_0)","decl":{"start":{"line":9,"column":13},"end":{"line":9,"column":14}},"loc":{"start":{"line":9,"column":29},"end":{"line":43,"column":1}},"line":9}},"branchMap":{"0":{"loc":{"start":{"line":15,"column":52},"end":{"line":15,"column":102}},"type":"cond-expr","locations":[{"start":{"line":15,"column":73},"end":{"line":15,"column":83}},{"start":{"line":15,"column":86},"end":{"line":15,"column":102}}],"line":15}},"s":{"0":2,"1":8},"f":{"0":8},"b":{"0":[4,4]},"_coverageSchema":"1a1c01bbd47fc00a2c39e90264f33305004495a9","hash":"908bc86bcb7d7ace369ad45416e64a5b495da9c9"}
,"D:\\QuickHub\\Quickhub_frontend_service\\src\\widgets\\menu\\index.js": {"path":"D:\\QuickHub\\Quickhub_frontend_service\\src\\widgets\\menu\\index.js","statementMap":{},"fnMap":{},"branchMap":{},"s":{},"f":{},"b":{},"_coverageSchema":"1a1c01bbd47fc00a2c39e90264f33305004495a9","hash":"551f2086f9b977d464045de67af935f37b85d0ac"}
}
